/Users/mm/Library/Python/3.9/lib/python/site-packages/urllib3/__init__.py:35: NotOpenSSLWarning: urllib3 v2 only supports OpenSSL 1.1.1+, currently the 'ssl' module is compiled with 'LibreSSL 2.8.3'. See: https://github.com/urllib3/urllib3/issues/3020
  warnings.warn(
==========
RSS: EU 対中国の輸入規制を強化方針
==========
RSS: マレーシア EV輸入規制策導入へ
==========
RSS: なぜセブンスムージー半額 分析
本文取得OK
企業: {'name': 'セブンイレブン', 'slug': 'seven'}
価格情報なし → スキップ
==========
RSS: ビリヤニが静かなブーム 専門店も
==========
RSS: 1万円超のビニール傘 なぜ製造
==========
RSS: 氷のうに新市場 背景に危険な暑さ
==========
RSS: ナポレオンジャケット 再ブームか
==========
RSS: AM3時行列 立ち食いそば店の執念
/Users/mm/Library/Python/3.9/lib/python/site-packages/urllib3/__init__.py:35: NotOpenSSLWarning: urllib3 v2 only supports OpenSSL 1.1.1+, currently the 'ssl' module is compiled with 'LibreSSL 2.8.3'. See: https://github.com/urllib3/urllib3/issues/3020
  warnings.warn(
==========
RSS: EU 対中国の輸入規制を強化方針
==========
RSS: マレーシア EV輸入規制策導入へ
==========
RSS: なぜセブンスムージー半額 分析
最終URL: https://news.yahoo.co.jp/pickup/6585059?source=rss
本文取得OK（文字数:) 2358 )
企業: {'name': 'セブンイレブン', 'slug': 'seven'}
価格情報なし → スキップ
==========
RSS: ビリヤニが静かなブーム 専門店も
==========
RSS: 1万円超のビニール傘 なぜ製造
==========
RSS: 氷のうに新市場 背景に危険な暑さ
==========
RSS: ナポレオンジャケット 再ブームか
==========
RSS: AM3時行列 立ち食いそば店の執念
